2024-12-09 01:04:32,287 - INFO - Adding job tentatively -- it will be properly scheduled when the scheduler starts
2024-12-09 01:04:32,289 - INFO - Added job "Scraping Job" to job store "default"
2024-12-09 01:04:32,289 - INFO - Scheduler started
2024-12-09 01:04:32,312 - INFO - [31m[1mWARNING: This is a development server. Do not use it in a production deployment. Use a production WSGI server instead.[0m
 * Running on http://127.0.0.1:5000
2024-12-09 01:04:32,312 - INFO - [33mPress CTRL+C to quit[0m
2024-12-09 01:04:42,295 - INFO - Running job "Scraping Job (trigger: interval[0:00:10], next run at: 2024-12-09 01:04:42 IST)" (scheduled at 2024-12-09 01:04:42.286067+05:30)
2024-12-09 01:04:42,295 - INFO - Scraping process started.
2024-12-09 01:04:42,295 - INFO - Scraping data from website XYZ...
2024-12-09 01:04:42,296 - INFO - Scraped data: Example scraped data
2024-12-09 01:04:42,296 - INFO - Scraping process completed successfully.
2024-12-09 01:04:42,296 - INFO - Job "Scraping Job (trigger: interval[0:00:10], next run at: 2024-12-09 01:04:52 IST)" executed successfully
2024-12-09 01:04:52,289 - INFO - Running job "Scraping Job (trigger: interval[0:00:10], next run at: 2024-12-09 01:05:02 IST)" (scheduled at 2024-12-09 01:04:52.286067+05:30)
2024-12-09 01:04:52,289 - INFO - Scraping process started.
2024-12-09 01:04:52,289 - INFO - Scraping data from website XYZ...
2024-12-09 01:04:52,289 - INFO - Scraped data: Example scraped data
2024-12-09 01:04:52,289 - INFO - Scraping process completed successfully.
2024-12-09 01:04:52,289 - INFO - Job "Scraping Job (trigger: interval[0:00:10], next run at: 2024-12-09 01:05:02 IST)" executed successfully
2024-12-09 01:05:02,298 - INFO - Running job "Scraping Job (trigger: interval[0:00:10], next run at: 2024-12-09 01:05:12 IST)" (scheduled at 2024-12-09 01:05:02.286067+05:30)
2024-12-09 01:05:02,298 - INFO - Scraping process started.
2024-12-09 01:05:02,298 - INFO - Scraping data from website XYZ...
2024-12-09 01:05:02,298 - INFO - Scraped data: Example scraped data
2024-12-09 01:05:02,298 - INFO - Scraping process completed successfully.
2024-12-09 01:05:02,298 - INFO - Job "Scraping Job (trigger: interval[0:00:10], next run at: 2024-12-09 01:05:12 IST)" executed successfully
2024-12-09 01:05:12,295 - INFO - Running job "Scraping Job (trigger: interval[0:00:10], next run at: 2024-12-09 01:05:22 IST)" (scheduled at 2024-12-09 01:05:12.286067+05:30)
2024-12-09 01:05:12,295 - INFO - Scraping process started.
2024-12-09 01:05:12,295 - INFO - Scraping data from website XYZ...
2024-12-09 01:05:12,295 - INFO - Scraped data: Example scraped data
2024-12-09 01:05:12,295 - INFO - Scraping process completed successfully.
2024-12-09 01:05:12,295 - INFO - Job "Scraping Job (trigger: interval[0:00:10], next run at: 2024-12-09 01:05:22 IST)" executed successfully
2024-12-09 01:05:22,299 - INFO - Running job "Scraping Job (trigger: interval[0:00:10], next run at: 2024-12-09 01:05:32 IST)" (scheduled at 2024-12-09 01:05:22.286067+05:30)
2024-12-09 01:05:22,300 - INFO - Scraping process started.
2024-12-09 01:05:22,300 - INFO - Scraping data from website XYZ...
2024-12-09 01:05:22,300 - INFO - Scraped data: Example scraped data
2024-12-09 01:05:22,300 - INFO - Scraping process completed successfully.
2024-12-09 01:05:22,300 - INFO - Job "Scraping Job (trigger: interval[0:00:10], next run at: 2024-12-09 01:05:32 IST)" executed successfully
